The system is: Windows - 10.0.22000 - AMD64
Compiling the C compiler identification source file "CMakeCCompilerId.c" succeeded.
Compiler: C:/MinGW/bin/gcc.exe 
Build flags: 
Id flags:  

The output was:
0


Compilation of the C compiler identification source "CMakeCCompilerId.c" produced "a.exe"

The C compiler identification is GNU, found in "C:/Users/miche/CLionProjects/TP9/cmake-build-debug/CMakeFiles/3.17.5/CompilerIdC/a.exe"

Determining if the C compiler works passed with the following output:
Change Dir: C:/Users/miche/CLionProjects/TP9/cmake-build-debug/CMakeFiles/CMakeTmp

Run Build Command(s):C:/MinGW/bin/mingw32-make.exe cmTC_3fa74/fast && C:/MinGW/bin/mingw32-make.exe  -f CMakeFiles\cmTC_3fa74.dir\build.make CMakeFiles/cmTC_3fa74.dir/build
mingw32-make.exe[1]: Entering directory 'C:/Users/miche/CLionProjects/TP9/cmake-build-debug/CMakeFiles/CMakeTmp'
Building C object CMakeFiles/cmTC_3fa74.dir/testCCompiler.c.obj
C:\MinGW\bin\gcc.exe    -o CMakeFiles\cmTC_3fa74.dir\testCCompiler.c.obj   -c C:\Users\miche\CLionProjects\TP9\cmake-build-debug\CMakeFiles\CMakeTmp\testCCompiler.c
Linking C executable cmTC_3fa74.exe
"C:\Program Files\JetBrains\CLion 2020.3.3\bin\cmake\win\bin\cmake.exe" -E cmake_link_script CMakeFiles\cmTC_3fa74.dir\link.txt --verbose=1
"C:\Program Files\JetBrains\CLion 2020.3.3\bin\cmake\win\bin\cmake.exe" -E rm -f CMakeFiles\cmTC_3fa74.dir/objects.a
C:\MinGW\bin\ar.exe cr CMakeFiles\cmTC_3fa74.dir/objects.a @CMakeFiles\cmTC_3fa74.dir\objects1.rsp
C:\MinGW\bin\gcc.exe      -Wl,--whole-archive CMakeFiles\cmTC_3fa74.dir/objects.a -Wl,--no-whole-archive  -o cmTC_3fa74.exe -Wl,--out-implib,libcmTC_3fa74.dll.a -Wl,--major-image-version,0,--minor-image-version,0 @CMakeFiles\cmTC_3fa74.dir\linklibs.rsp
mingw32-make.exe[1]: Leaving directory 'C:/Users/miche/CLionProjects/TP9/cmake-build-debug/CMakeFiles/CMakeTmp'



